User + e77d2fe0-9780-11e9-9086-ff7efffe644b Has joined the chat!
User + e77d2fe0-9780-11e9-9086-ff7efffe644b Changed his username to a + e77d2fe0-9780-11e9-9086-ff7efffe644b
User + f3442bd0-9780-11e9-b4fb-1fb1cc7968be Has joined the chat!
User + f3442bd0-9780-11e9-b4fb-1fb1cc7968be Changed his username to a + f3442bd0-9780-11e9-b4fb-1fb1cc7968be
User + f7f49480-9780-11e9-bbe2-df8da8608a2c Has joined the chat!
User + f7f49480-9780-11e9-bbe2-df8da8608a2c Has left the chat!
User + f945a590-9780-11e9-bbe2-df8da8608a2c Has joined the chat!
User + f945a590-9780-11e9-bbe2-df8da8608a2c Changed his username to a + f945a590-9780-11e9-bbe2-df8da8608a2c
User + ff3e93d0-9780-11e9-8d4e-457ded5866d1 Has joined the chat!
User + ff3e93d0-9780-11e9-8d4e-457ded5866d1 Changed his username to a + ff3e93d0-9780-11e9-8d4e-457ded5866d1
User + 552b7ec0-9781-11e9-923c-fb842391240e Has joined the chat!
User + 552b7ec0-9781-11e9-923c-fb842391240e Changed his username to a + 552b7ec0-9781-11e9-923c-fb842391240e
a + 552b7ec0-9781-11e9-923c-fb842391240e Changed his username to a + 552b7ec0-9781-11e9-923c-fb842391240e
User + 66a4c300-9781-11e9-867a-bd917cdc3c57 Has joined the chat!
User + 66a4c300-9781-11e9-867a-bd917cdc3c57 Changed his username to a + 66a4c300-9781-11e9-867a-bd917cdc3c57
User + 78706d00-9781-11e9-8525-298223d4b27c Has joined the chat!
User + 78706d00-9781-11e9-8525-298223d4b27c Changed his username to a + 78706d00-9781-11e9-8525-298223d4b27c
User + d01a7140-9781-11e9-8bf8-e72d26a5d353 Has joined the chat!
User + d94abcc0-9781-11e9-bee5-614e661abc17 Has joined the chat!
User + d94abcc0-9781-11e9-bee5-614e661abc17 Changed his username to a + d94abcc0-9781-11e9-bee5-614e661abc17
a + d94abcc0-9781-11e9-bee5-614e661abc17 Changed his username to       + d94abcc0-9781-11e9-bee5-614e661abc17
User + e3194410-9781-11e9-9a27-850cea9eb71f Has joined the chat!
User + e3194410-9781-11e9-9a27-850cea9eb71f Changed his username to      + e3194410-9781-11e9-9a27-850cea9eb71f
     + e3194410-9781-11e9-9a27-850cea9eb71f Changed his username to                   + e3194410-9781-11e9-9a27-850cea9eb71f
User + ee1d1710-9781-11e9-a983-fb7ee206beeb Has joined the chat!
User + ee1d1710-9781-11e9-a983-fb7ee206beeb Changed his username to           + ee1d1710-9781-11e9-a983-fb7ee206beeb
User + 0f67e300-9782-11e9-967c-a3d667db5011 Has joined the chat!
User + 0f67e300-9782-11e9-967c-a3d667db5011 Has left the chat!
User + 59257340-9782-11e9-ac35-8fcf00e77e01 Has joined the chat!
User + 59257340-9782-11e9-ac35-8fcf00e77e01:         
User + 709a8bf0-9782-11e9-a4d9-15decd82c944 Has joined the chat!
User + 709a8bf0-9782-11e9-a4d9-15decd82c944 Changed his username to a + 709a8bf0-9782-11e9-a4d9-15decd82c944
a + 709a8bf0-9782-11e9-a4d9-15decd82c944 Has left the chat!
User + 3719abd0-9783-11e9-a4d9-15decd82c944 Has joined the chat!
User + 37862940-9783-11e9-a4d9-15decd82c944 Has joined the chat!
User + 37862940-9783-11e9-a4d9-15decd82c944: fsdgdfg
User + 37862940-9783-11e9-a4d9-15decd82c944: dfgdh
User + 37862940-9783-11e9-a4d9-15decd82c944: dfgdfg
User + 37862940-9783-11e9-a4d9-15decd82c944 Changed his username to sss + 37862940-9783-11e9-a4d9-15decd82c944
sss + 37862940-9783-11e9-a4d9-15decd82c944: fgddfgh
User + 3719abd0-9783-11e9-a4d9-15decd82c944 Has left the chat!
User + f0872750-9783-11e9-96ad-7d9b8e9f5757 Has joined the chat!
User + f1336ce0-9783-11e9-96ad-7d9b8e9f5757 Has joined the chat!
User + f0872750-9783-11e9-96ad-7d9b8e9f5757: ghfjgh
User + f0872750-9783-11e9-96ad-7d9b8e9f5757: ghjghj
User + f1336ce0-9783-11e9-96ad-7d9b8e9f5757 Has left the chat!
